============================= test session starts =============================
platform win32 -- Python 3.11.14, pytest-8.4.2, pluggy-1.6.0 -- S:\envs\sonia-core\python.exe
cachedir: .pytest_cache
rootdir: S:\
configfile: pytest.ini
plugins: anyio-4.12.1, asyncio-0.25.3, typeguard-4.4.4
asyncio: mode=Mode.AUTO, asyncio_default_fixture_loop_scope=None
collecting ... collected 13 items

tests/v33_recovery/test_incident_triage.py::TestIncidentTriage::test_incident_snapshot_schema_valid PASSED [  7%]
tests/v33_recovery/test_incident_triage.py::TestIncidentTriage::test_incident_snapshot_correlation_id_preserved PASSED [ 15%]
tests/v33_recovery/test_incident_triage.py::TestIncidentTriage::test_bundle_roundtrip_hash_intact PASSED [ 23%]
tests/v33_recovery/test_incident_triage.py::TestIncidentTriage::test_bundle_tamper_detection PASSED [ 30%]
tests/v33_recovery/test_incident_triage.py::TestIncidentTriage::test_bundle_empty_snapshots_valid PASSED [ 38%]
tests/v33_recovery/test_incident_triage.py::TestIncidentTriage::test_bundle_export_includes_provenance PASSED [ 46%]
tests/v33_recovery/test_incident_triage.py::TestIncidentTriage::test_triage_recommendation_deterministic PASSED [ 53%]
tests/v33_recovery/test_incident_triage.py::TestIncidentTriage::test_triage_covers_all_known_failure_classes PASSED [ 61%]
tests/v33_recovery/test_incident_triage.py::TestIncidentTriage::test_triage_unknown_failure_gets_fallback PASSED [ 69%]
tests/v33_recovery/test_incident_triage.py::TestIncidentTriage::test_chaos_service_unavailable_correct_taxonomy PASSED [ 76%]
tests/v33_recovery/test_incident_triage.py::TestIncidentTriage::test_chaos_malformed_envelope_fails_closed PASSED [ 84%]
tests/v33_recovery/test_incident_triage.py::TestIncidentTriage::test_chaos_backpressure_triggers_retry_with_backoff PASSED [ 92%]
tests/v33_recovery/test_incident_triage.py::TestIncidentTriage::test_restore_state_mismatch_count_zero PASSED [100%]

============================= 13 passed in 0.22s ==============================
